Directed : Number of vertices: 19734, Number of edges: 47033
In Degree Distribution Statistics
count   19734.00
mean        2.38
std         1.61
min         0.00
10%         1.00
25%         1.00
50%         2.00
75%         3.00
95%         5.00
max        12.00
dtype: float64
highest in degree vertex: 2148
Out Degree Distribution Statistics
count   19734.00
mean        2.38
std         1.60
min         0.00
10%         1.00
25%         1.00
50%         2.00
75%         3.00
95%         5.00
max        12.00
dtype: float64
highest out degree vertex: 8176
Directed : Number of vertices: 19992, Number of edges: 94287
In Degree Distribution Statistics
count   19992.00
mean        4.72
std         2.41
min         0.00
10%         2.00
25%         3.00
50%         4.00
75%         6.00
95%         9.00
max        16.00
dtype: float64
highest in degree vertex: 3749
Out Degree Distribution Statistics
count   19992.00
mean        4.72
std         2.38
min         0.00
10%         2.00
25%         3.00
50%         4.00
75%         6.00
95%         9.00
max        17.00
dtype: float64
highest out degree vertex: 19278
Directed : Number of vertices: 20000, Number of edges: 141635
In Degree Distribution Statistics
count   20000.00
mean        7.08
std         3.07
min         0.00
10%         3.00
25%         5.00
50%         7.00
75%         9.00
95%        13.00
max        23.00
dtype: float64
highest in degree vertex: 3749
Out Degree Distribution Statistics
count   20000.00
mean        7.08
std         3.06
min         0.00
10%         3.00
25%         5.00
50%         7.00
75%         9.00
95%        12.00
max        23.00
dtype: float64
highest out degree vertex: 17940
Directed : Number of vertices: 20000, Number of edges: 188729
In Degree Distribution Statistics
count   20000.00
mean        9.44
std         3.68
min         0.00
10%         5.00
25%         7.00
50%         9.00
75%        12.00
95%        16.00
max        27.00
dtype: float64
highest in degree vertex: 3749
Out Degree Distribution Statistics
count   20000.00
mean        9.44
std         3.66
min         0.00
10%         5.00
25%         7.00
50%         9.00
75%        12.00
95%        16.00
max        27.00
dtype: float64
highest out degree vertex: 9740
Directed : Number of vertices: 20000, Number of edges: 236219
In Degree Distribution Statistics
count   20000.00
mean       11.81
std         4.27
min         0.00
10%         6.00
25%         9.00
50%        12.00
75%        15.00
95%        19.00
max        31.00
dtype: float64
highest in degree vertex: 18599
Out Degree Distribution Statistics
count   20000.00
mean       11.81
std         4.25
min         0.00
10%         7.00
25%         9.00
50%        12.00
75%        15.00
95%        19.00
max        34.00
dtype: float64
highest out degree vertex: 17396
Directed : Number of vertices: 20000, Number of edges: 283658
In Degree Distribution Statistics
count   20000.00
mean       14.18
std         4.86
min         0.00
10%         8.00
25%        11.00
50%        14.00
75%        17.00
95%        23.00
max        38.00
dtype: float64
highest in degree vertex: 10098
Out Degree Distribution Statistics
count   20000.00
mean       14.18
std         4.82
min         1.00
10%         8.00
25%        11.00
50%        14.00
75%        17.00
95%        23.00
max        39.00
dtype: float64
highest out degree vertex: 17396
Directed : Number of vertices: 20000, Number of edges: 331058
In Degree Distribution Statistics
count   20000.00
mean       16.55
std         5.42
min         1.00
10%        10.00
25%        13.00
50%        16.00
75%        20.00
95%        26.00
max        42.00
dtype: float64
highest in degree vertex: 18152
Out Degree Distribution Statistics
count   20000.00
mean       16.55
std         5.37
min         1.00
10%        10.00
25%        13.00
50%        16.00
75%        20.00
95%        26.00
max        48.00
dtype: float64
highest out degree vertex: 17396
Directed : Number of vertices: 20000, Number of edges: 378981
In Degree Distribution Statistics
count   20000.00
mean       18.95
std         5.96
min         1.00
10%        12.00
25%        15.00
50%        19.00
75%        23.00
95%        29.00
max        45.00
dtype: float64
highest in degree vertex: 10098
Out Degree Distribution Statistics
count   20000.00
mean       18.95
std         5.93
min         2.00
10%        11.00
25%        15.00
50%        19.00
75%        23.00
95%        29.00
max        51.00
dtype: float64
highest out degree vertex: 17396
Directed : Number of vertices: 20000, Number of edges: 426349
In Degree Distribution Statistics
count   20000.00
mean       21.32
std         6.52
min         2.00
10%        13.00
25%        17.00
50%        21.00
75%        26.00
95%        33.00
max        49.00
dtype: float64
highest in degree vertex: 10036
Out Degree Distribution Statistics
count   20000.00
mean       21.32
std         6.47
min         3.00
10%        13.00
25%        17.00
50%        21.00
75%        26.00
95%        32.00
max        53.00
dtype: float64
highest out degree vertex: 17396
Directed : Number of vertices: 20000, Number of edges: 473914
In Degree Distribution Statistics
count   20000.00
mean       23.70
std         7.06
min         2.00
10%        15.00
25%        19.00
50%        23.00
75%        28.00
95%        36.00
max        53.00
dtype: float64
highest in degree vertex: 11583
Out Degree Distribution Statistics
count   20000.00
mean       23.70
std         7.02
min         3.00
10%        15.00
25%        19.00
50%        23.00
75%        28.00
95%        36.00
max        59.00
dtype: float64
highest out degree vertex: 17396
